<?xml version="1.0" encoding="UTF-8"?>
<testng-results ignored="0" total="5" passed="5" failed="0" skipped="0">
  <reporter-output>
  </reporter-output>
  <suite started-at="2024-10-11T22:44:27 GMT+01:00" name="Default suite" finished-at="2024-10-11T22:44:59 GMT+01:00" duration-ms="31510">
    <groups>
    </groups>
    <test started-at="2024-10-11T22:44:27 GMT+01:00" name="Default test" finished-at="2024-10-11T22:44:59 GMT+01:00" duration-ms="31510">
      <class name="tests.LoginTest">
        <test-method is-config="true" signature="StartDriver(java.lang.String)[pri:0, instance:tests.LoginTest@602e0143]" started-at="2024-10-11T22:44:14 GMT+01:00" name="StartDriver" finished-at="2024-10-11T22:44:27 GMT+01:00" duration-ms="13596" status="PASS">
          <params>
            <param index="0">
              <value>
                <![CDATA[chrome]]>
              </value>
            </param>
          </params>
          <reporter-output>
          </reporter-output>
        </test-method> <!-- StartDriver -->
        <test-method signature="InvalidEmailLogin()[pri:1, instance:tests.LoginTest@602e0143]" started-at="2024-10-11T22:44:28 GMT+01:00" name="InvalidEmailLogin" finished-at="2024-10-11T22:44:35 GMT+01:00" duration-ms="7871" status="PASS">
          <reporter-output>
          </reporter-output>
        </test-method> <!-- InvalidEmailLogin -->
        <test-method signature="InvalidPasswordLogin()[pri:2, instance:tests.LoginTest@602e0143]" started-at="2024-10-11T22:44:36 GMT+01:00" name="InvalidPasswordLogin" finished-at="2024-10-11T22:44:49 GMT+01:00" duration-ms="13396" status="PASS">
          <reporter-output>
          </reporter-output>
        </test-method> <!-- InvalidPasswordLogin -->
        <test-method signature="EmptyCredentialsLogin()[pri:3, instance:tests.LoginTest@602e0143]" started-at="2024-10-11T22:44:49 GMT+01:00" name="EmptyCredentialsLogin" finished-at="2024-10-11T22:44:52 GMT+01:00" duration-ms="2913" status="PASS">
          <reporter-output>
          </reporter-output>
        </test-method> <!-- EmptyCredentialsLogin -->
        <test-method signature="ValidCredentialsLogin()[pri:4, instance:tests.LoginTest@602e0143]" started-at="2024-10-11T22:44:52 GMT+01:00" name="ValidCredentialsLogin" finished-at="2024-10-11T22:44:57 GMT+01:00" duration-ms="5159" status="PASS">
          <reporter-output>
          </reporter-output>
        </test-method> <!-- ValidCredentialsLogin -->
        <test-method signature="SignOut()[pri:5, instance:tests.LoginTest@602e0143]" started-at="2024-10-11T22:44:57 GMT+01:00" name="SignOut" finished-at="2024-10-11T22:44:59 GMT+01:00" duration-ms="1940" status="PASS">
          <reporter-output>
          </reporter-output>
        </test-method> <!-- SignOut -->
        <test-method is-config="true" signature="tearDown()[pri:0, instance:tests.LoginTest@602e0143]" started-at="2024-10-11T22:44:59 GMT+01:00" name="tearDown" finished-at="2024-10-11T22:45:00 GMT+01:00" duration-ms="631" status="PASS">
          <reporter-output>
          </reporter-output>
        </test-method> <!-- tearDown -->
      </class> <!-- tests.LoginTest -->
    </test> <!-- Default test -->
  </suite> <!-- Default suite -->
</testng-results>
