<?xml version="1.0" encoding="UTF-8"?>
<!-- Generated by org.testng.reporters.JUnitXMLReporter -->
<testsuite ignored="0" hostname="VR10" failures="0" tests="5" name="Default test" time="31.814" errors="0" timestamp="2024-10-11T22:11:32 GMT+01:00">
  <testcase classname="tests.LoginTest" name="InvalidEmailLogin" time="10.567"/>
  <testcase classname="tests.LoginTest" name="InvalidPasswordLogin" time="11.916"/>
  <testcase classname="tests.LoginTest" name="EmptyCredentialsLogin" time="2.195"/>
  <testcase classname="tests.LoginTest" name="ValidCredentialsLogin" time="4.921"/>
  <testcase classname="tests.LoginTest" name="SignOut" time="1.977"/>
</testsuite> <!-- Default test -->
